2025-09-04 18:32:47,837 - rag_app - INFO - {"event_type": "app_startup", "message": "RAG Application started successfully", "metadata": {"api_key": "sk-rag-u6N..."}, "timestamp": "2025-09-04T18:32:47.837063"}
2025-09-04 18:32:49,852 - rag_app - INFO - {"event_type": "app_shutdown", "message": "RAG Application shutting down", "metadata": {}, "timestamp": "2025-09-04T18:32:49.852020"}
2025-09-04 18:32:51,245 - rag_app - INFO - {"event_type": "app_startup", "message": "RAG Application started successfully", "metadata": {"api_key": "sk-rag-nz-..."}, "timestamp": "2025-09-04T18:32:51.245215"}
2025-09-04 18:32:56,363 - rag_app - INFO - {"event_type": "app_shutdown", "message": "RAG Application shutting down", "metadata": {}, "timestamp": "2025-09-04T18:32:56.363081"}
2025-09-04 18:32:57,722 - rag_app - INFO - {"event_type": "app_startup", "message": "RAG Application started successfully", "metadata": {"api_key": "sk-rag-a1M..."}, "timestamp": "2025-09-04T18:32:57.722907"}
2025-09-04 18:51:08,286 - rag_app - INFO - {"event_type": "app_shutdown", "message": "RAG Application shutting down", "metadata": {}, "timestamp": "2025-09-04T18:51:08.286383"}
2025-09-05 09:22:10,505 - rag_app - INFO - {"event_type": "app_startup", "message": "RAG Application started successfully", "metadata": {"api_key": "sk-rag-Ngb..."}, "timestamp": "2025-09-05T09:22:10.505027"}
2025-09-05 09:22:16,438 - rag_app - INFO - {"event_type": "app_shutdown", "message": "RAG Application shutting down", "metadata": {}, "timestamp": "2025-09-05T09:22:16.438258"}
2025-09-05 09:24:34,060 - rag_app - INFO - {"event_type": "app_startup", "message": "RAG Application started successfully", "metadata": {"api_key": "sk-rag-RvG..."}, "timestamp": "2025-09-05T09:24:34.060952"}
2025-09-05 09:41:14,065 - rag_app - INFO - {"event_type": "app_shutdown", "message": "RAG Application shutting down", "metadata": {}, "timestamp": "2025-09-05T09:41:14.065437"}
2025-09-05 09:41:17,261 - rag_app - INFO - {"event_type": "app_startup", "message": "RAG Application started successfully", "metadata": {"api_key": "sk-rag-M0O..."}, "timestamp": "2025-09-05T09:41:17.261276"}
2025-09-05 09:41:25,195 - rag_app - INFO - {"event_type": "app_shutdown", "message": "RAG Application shutting down", "metadata": {}, "timestamp": "2025-09-05T09:41:25.195070"}
2025-09-05 09:41:26,767 - rag_app - INFO - {"event_type": "app_startup", "message": "RAG Application started successfully", "metadata": {"api_key": "sk-rag-cH2..."}, "timestamp": "2025-09-05T09:41:26.767796"}
2025-09-05 09:41:27,681 - rag_app - INFO - {"event_type": "app_shutdown", "message": "RAG Application shutting down", "metadata": {}, "timestamp": "2025-09-05T09:41:27.681846"}
2025-09-05 09:41:29,324 - rag_app - INFO - {"event_type": "app_startup", "message": "RAG Application started successfully", "metadata": {"api_key": "sk-rag-V76..."}, "timestamp": "2025-09-05T09:41:29.324698"}
2025-09-05 09:41:33,942 - rag_app - INFO - {"event_type": "app_shutdown", "message": "RAG Application shutting down", "metadata": {}, "timestamp": "2025-09-05T09:41:33.942828"}
2025-09-05 09:41:35,409 - rag_app - INFO - {"event_type": "app_startup", "message": "RAG Application started successfully", "metadata": {"api_key": "sk-rag-TwX..."}, "timestamp": "2025-09-05T09:41:35.409682"}
2025-09-05 09:41:53,478 - rag_app - INFO - {"event_type": "app_shutdown", "message": "RAG Application shutting down", "metadata": {}, "timestamp": "2025-09-05T09:41:53.478182"}
2025-09-05 09:41:55,037 - rag_app - INFO - {"event_type": "app_startup", "message": "RAG Application started successfully", "metadata": {"api_key": "sk-rag-K1A..."}, "timestamp": "2025-09-05T09:41:55.037076"}
2025-09-05 09:42:11,313 - rag_app - INFO - {"event_type": "app_shutdown", "message": "RAG Application shutting down", "metadata": {}, "timestamp": "2025-09-05T09:42:11.313528"}
2025-09-05 09:42:12,798 - rag_app - INFO - {"event_type": "app_startup", "message": "RAG Application started successfully", "metadata": {"api_key": "sk-rag-0qB..."}, "timestamp": "2025-09-05T09:42:12.798266"}
2025-09-05 09:42:14,214 - rag_app - INFO - {"event_type": "app_shutdown", "message": "RAG Application shutting down", "metadata": {}, "timestamp": "2025-09-05T09:42:14.214669"}
2025-09-05 09:42:15,873 - rag_app - INFO - {"event_type": "app_startup", "message": "RAG Application started successfully", "metadata": {"api_key": "sk-rag-Zw7..."}, "timestamp": "2025-09-05T09:42:15.873119"}
2025-09-05 09:42:19,702 - rag_app - INFO - {"event_type": "app_shutdown", "message": "RAG Application shutting down", "metadata": {}, "timestamp": "2025-09-05T09:42:19.702562"}
2025-09-05 09:42:21,287 - rag_app - INFO - {"event_type": "app_startup", "message": "RAG Application started successfully", "metadata": {"api_key": "sk-rag-PqA..."}, "timestamp": "2025-09-05T09:42:21.287352"}
2025-09-05 09:42:21,799 - rag_app - INFO - {"event_type": "app_shutdown", "message": "RAG Application shutting down", "metadata": {}, "timestamp": "2025-09-05T09:42:21.799452"}
2025-09-05 09:42:23,206 - rag_app - INFO - {"event_type": "app_startup", "message": "RAG Application started successfully", "metadata": {"api_key": "sk-rag-VSF..."}, "timestamp": "2025-09-05T09:42:23.206238"}
2025-09-05 09:42:24,014 - rag_app - INFO - {"event_type": "app_shutdown", "message": "RAG Application shutting down", "metadata": {}, "timestamp": "2025-09-05T09:42:24.014333"}
2025-09-05 09:42:25,533 - rag_app - INFO - {"event_type": "app_startup", "message": "RAG Application started successfully", "metadata": {"api_key": "sk-rag-CP7..."}, "timestamp": "2025-09-05T09:42:25.533934"}
2025-09-05 09:42:27,058 - rag_app - INFO - {"event_type": "app_shutdown", "message": "RAG Application shutting down", "metadata": {}, "timestamp": "2025-09-05T09:42:27.057986"}
2025-09-05 09:42:28,439 - rag_app - INFO - {"event_type": "app_startup", "message": "RAG Application started successfully", "metadata": {"api_key": "sk-rag-UeM..."}, "timestamp": "2025-09-05T09:42:28.439272"}
2025-09-05 15:20:27,668 - rag_app - INFO - {"event_type": "data_loaded", "message": "Successfully loaded persistent vector data", "metadata": {"index_vectors": 5963, "documents_count": 5963, "dataframe_rows": 3090}, "timestamp": "2025-09-05T15:20:27.668055"}
2025-09-05 15:20:27,678 - rag_app - INFO - {"event_type": "app_startup", "message": "RAG Application started successfully", "metadata": {"api_key": "sk-rag-a1M..."}, "timestamp": "2025-09-05T15:20:27.678301"}
2025-09-05 15:20:45,907 - rag_app - INFO - {"event_type": "app_shutdown", "message": "RAG Application shutting down", "metadata": {}, "timestamp": "2025-09-05T15:20:45.906970"}
2025-09-05 15:20:47,427 - rag_app - INFO - {"event_type": "data_loaded", "message": "Successfully loaded persistent vector data", "metadata": {"index_vectors": 5963, "documents_count": 5963, "dataframe_rows": 3090}, "timestamp": "2025-09-05T15:20:47.427775"}
2025-09-05 15:20:47,432 - rag_app - INFO - {"event_type": "app_startup", "message": "RAG Application started successfully", "metadata": {"api_key": "sk-rag-a1M..."}, "timestamp": "2025-09-05T15:20:47.432814"}
2025-09-05 15:24:54,728 - rag_app - INFO - {"event_type": "app_shutdown", "message": "RAG Application shutting down", "metadata": {}, "timestamp": "2025-09-05T15:24:54.728303"}
2025-09-05 15:24:56,132 - rag_app - INFO - {"event_type": "app_startup", "message": "RAG Application started successfully", "metadata": {"api_key": "sk-rag-a1M..."}, "timestamp": "2025-09-05T15:24:56.132291"}
2025-09-05 15:25:16,271 - rag_app - INFO - {"event_type": "app_shutdown", "message": "RAG Application shutting down", "metadata": {}, "timestamp": "2025-09-05T15:25:16.271049"}
2025-09-05 15:25:17,707 - rag_app - INFO - {"event_type": "app_startup", "message": "RAG Application started successfully", "metadata": {"api_key": "sk-rag-a1M..."}, "timestamp": "2025-09-05T15:25:17.707198"}
2025-09-05 15:25:25,108 - rag_app - INFO - {"event_type": "upload_processing_error", "message": "RAGService.extract_metadata_from_filename() takes 1 positional argument but 2 were given", "metadata": {"filename": "Android(4 - 6).xlsx", "user": "api_user"}, "timestamp": "2025-09-05T15:25:25.108190"}
2025-09-05 15:27:20,430 - rag_app - INFO - {"event_type": "app_shutdown", "message": "RAG Application shutting down", "metadata": {}, "timestamp": "2025-09-05T15:27:20.430830"}
2025-09-05 15:27:21,843 - rag_app - INFO - {"event_type": "app_startup", "message": "RAG Application started successfully", "metadata": {"api_key": "sk-rag-a1M..."}, "timestamp": "2025-09-05T15:27:21.843653"}
2025-09-05 15:27:29,014 - rag_app - INFO - {"event_type": "upload_processing_error", "message": "RAGService.extract_metadata_from_filename() takes 1 positional argument but 2 were given", "metadata": {"filename": "Android(4 - 6).xlsx", "user": "api_user"}, "timestamp": "2025-09-05T15:27:29.014334"}
2025-09-05 15:30:21,391 - rag_app - INFO - {"event_type": "upload_processing_error", "message": "RAGService.extract_metadata_from_filename() takes 1 positional argument but 2 were given", "metadata": {"filename": "Android(4 - 6).xlsx", "user": "api_user"}, "timestamp": "2025-09-05T15:30:21.391948"}
2025-09-05 15:30:39,571 - rag_app - INFO - {"event_type": "app_shutdown", "message": "RAG Application shutting down", "metadata": {}, "timestamp": "2025-09-05T15:30:39.571849"}
2025-09-05 15:30:41,012 - rag_app - INFO - {"event_type": "app_startup", "message": "RAG Application started successfully", "metadata": {"api_key": "sk-rag-a1M..."}, "timestamp": "2025-09-05T15:30:41.012727"}
2025-09-05 15:30:46,036 - rag_app - INFO - {"event_type": "upload_processing_error", "message": "'RAGService' object has no attribute 'faiss_index'", "metadata": {"filename": "Android(4 - 6).xlsx", "user": "api_user"}, "timestamp": "2025-09-05T15:30:46.036218"}
2025-09-05 15:34:57,671 - rag_app - INFO - {"event_type": "upload_processing_error", "message": "'RAGService' object has no attribute 'faiss_index'", "metadata": {"filename": "Android(4 - 6).xlsx", "user": "api_user"}, "timestamp": "2025-09-05T15:34:57.671135"}
2025-09-05 15:35:03,444 - rag_app - INFO - {"event_type": "app_shutdown", "message": "RAG Application shutting down", "metadata": {}, "timestamp": "2025-09-05T15:35:03.444206"}
2025-09-05 15:35:04,807 - rag_app - INFO - {"event_type": "app_startup", "message": "RAG Application started successfully", "metadata": {"api_key": "sk-rag-a1M..."}, "timestamp": "2025-09-05T15:35:04.807942"}
2025-09-05 15:35:07,661 - rag_app - INFO - {"event_type": "upload_processing_error", "message": "'NoneType' object has no attribute 'add'", "metadata": {"filename": "Android(4 - 6).xlsx", "user": "api_user"}, "timestamp": "2025-09-05T15:35:07.661137"}
2025-09-05 15:39:27,693 - rag_app - INFO - {"event_type": "app_shutdown", "message": "RAG Application shutting down", "metadata": {}, "timestamp": "2025-09-05T15:39:27.693169"}
2025-09-05 15:39:29,138 - rag_app - INFO - {"event_type": "app_startup", "message": "RAG Application started successfully", "metadata": {"api_key": "sk-rag-a1M..."}, "timestamp": "2025-09-05T15:39:29.138303"}
2025-09-05 15:39:36,198 - rag_app - INFO - {"event_type": "exchange_rate_fetched", "message": "Successfully fetched exchange rate for INR to USD", "metadata": {"from_currency": "INR", "to_currency": "USD", "rate": 0.0113}, "timestamp": "2025-09-05T15:39:36.198916"}
2025-09-05 15:40:53,934 - rag_app - INFO - {"event_type": "data_saved", "message": "Successfully saved persistent vector data", "metadata": {"index_vectors": 3091, "documents_count": 3091}, "timestamp": "2025-09-05T15:40:53.934398"}
2025-09-05 15:40:53,936 - rag_app - INFO - {"event_type": "invalid_records_excluded", "message": "Excluded 83 invalid records during preprocessing.", "metadata": {"invalid_count": 83, "invalid_samples": [{"Exp": "4y 7m", "Location": "Visakhapatnam", "CTC": 3.0, "Company": "Infyshine Technologies", "Skills": "Data Binding | Android | Mobile Application Development | SDK | MVVM | Async Programming | Android Developer | Mobile Developer | Python | Mobile Applications | Application Development | Android Studio | Mobile Development | MySQL | HTML | Kotlin | Android Application Development | Basic Troubleshooting", "Exp_years": 4.583333333333333, "valid": false}, {"Exp": "6y 0m", "Location": "KALYAN", "CTC": 3.95, "Company": "Aniktantra Technology", "Skills": "HTML\n|\nJavascript\n|\nJava\n|\nRoom Database | Rest API Integration | Google API | Google Maps | Firebase | MVVM | Material Design | Glide | Retrofit | JSON | Postman API | Core Java | SQL Server | Android | Kotlin | Core Java Development | Android Application Development | Android Studio", "Exp_years": 6.0, "valid": false}, {"Exp": "4y 10m", "Location": "Chennai", "CTC": 3.0, "Company": "Beyondex solution Pvt Ltd", "Skills": "Javascript | React Js | React Native | Web Development | Mobile Development | Android Studio | Visual Studio | Angular Js | CSS | HTML | Github | MySQL | Software Development | Test Case Creation | Bug Reporting | Agile Methodology | Program Analyst", "Exp_years": 4.833333333333333, "valid": false}]}, "timestamp": "2025-09-05T15:40:53.936177"}
2025-09-05 15:41:42,517 - rag_app - INFO - {"event_type": "cache_hit", "message": "Using cached exchange rate for INR to USD", "metadata": {"from_currency": "INR", "to_currency": "USD", "rate": 0.0113}, "timestamp": "2025-09-05T15:41:42.517787"}
2025-09-05 15:50:49,335 - rag_app - INFO - {"event_type": "cache_hit", "message": "Using cached exchange rate for INR to USD", "metadata": {"from_currency": "INR", "to_currency": "USD", "rate": 0.0113}, "timestamp": "2025-09-05T15:50:49.335596"}
2025-09-05 16:00:25,984 - rag_app - INFO - {"event_type": "app_shutdown", "message": "RAG Application shutting down", "metadata": {}, "timestamp": "2025-09-05T16:00:25.984044"}
2025-09-05 16:00:27,890 - rag_app - INFO - {"event_type": "data_loaded", "message": "Successfully loaded persistent vector data", "metadata": {"index_vectors": 3091, "documents_count": 3091, "dataframe_rows": 3091}, "timestamp": "2025-09-05T16:00:27.890315"}
2025-09-05 16:00:27,896 - rag_app - INFO - {"event_type": "app_startup", "message": "RAG Application started successfully", "metadata": {"api_key": "sk-rag-a1M..."}, "timestamp": "2025-09-05T16:00:27.896290"}
2025-09-05 16:00:34,119 - rag_app - INFO - {"event_type": "query_processing_error", "message": "'RAGService' object has no attribute 'query'", "metadata": {"query": "What is the lowest ctc?", "user": "api_user"}, "timestamp": "2025-09-05T16:00:34.119945"}
2025-09-05 16:01:56,387 - rag_app - INFO - {"event_type": "app_shutdown", "message": "RAG Application shutting down", "metadata": {}, "timestamp": "2025-09-05T16:01:56.387147"}
2025-09-05 16:01:58,097 - rag_app - INFO - {"event_type": "data_loaded", "message": "Successfully loaded persistent vector data", "metadata": {"index_vectors": 3091, "documents_count": 3091, "dataframe_rows": 3091}, "timestamp": "2025-09-05T16:01:58.097240"}
2025-09-05 16:01:58,104 - rag_app - INFO - {"event_type": "app_startup", "message": "RAG Application started successfully", "metadata": {"api_key": "sk-rag-a1M..."}, "timestamp": "2025-09-05T16:01:58.104669"}
2025-09-05 16:02:00,681 - rag_app - INFO - {"event_type": "query_processing_error", "message": "'RAGService' object has no attribute 'query'", "metadata": {"query": "What is the lowest ctc?", "user": "api_user"}, "timestamp": "2025-09-05T16:02:00.681072"}
2025-09-05 16:02:40,741 - rag_app - INFO - {"event_type": "app_shutdown", "message": "RAG Application shutting down", "metadata": {}, "timestamp": "2025-09-05T16:02:40.741389"}
2025-09-05 16:02:42,438 - rag_app - INFO - {"event_type": "data_loaded", "message": "Successfully loaded persistent vector data", "metadata": {"index_vectors": 3091, "documents_count": 3091, "dataframe_rows": 3091}, "timestamp": "2025-09-05T16:02:42.438230"}
2025-09-05 16:02:42,443 - rag_app - INFO - {"event_type": "app_startup", "message": "RAG Application started successfully", "metadata": {"api_key": "sk-rag-a1M..."}, "timestamp": "2025-09-05T16:02:42.443581"}
2025-09-05 16:02:48,484 - rag_app - INFO - {"event_type": "exchange_rate_fetched", "message": "Successfully fetched exchange rate for INR to USD", "metadata": {"from_currency": "INR", "to_currency": "USD", "rate": 0.0113}, "timestamp": "2025-09-05T16:02:48.484487"}
2025-09-05 16:03:10,908 - rag_app - INFO - {"event_type": "cache_hit", "message": "Using cached exchange rate for INR to USD", "metadata": {"from_currency": "INR", "to_currency": "USD", "rate": 0.0113}, "timestamp": "2025-09-05T16:03:10.908171"}
